11-30-2023 14:48:02 [INFO]  (example_com_service.py:19)
11-30-2023 14:48:02 [DEBUG] Selenium Manager binary found at: /Library/Frameworks/Python.framework/Versions/3.12/lib/python3.12/site-packages/selenium/webdriver/common/macos/selenium-manager (selenium_manager.py:63)
11-30-2023 14:48:02 [DEBUG] Executing process: /Library/Frameworks/Python.framework/Versions/3.12/lib/python3.12/site-packages/selenium/webdriver/common/macos/selenium-manager --browser chrome --debug --output json (selenium_manager.py:120)
11-30-2023 14:48:02 [DEBUG] chromedriver not found in PATH (selenium_manager.py:137)
11-30-2023 14:48:02 [DEBUG] chrome detected at /Applications/Google Chrome.app/Contents/MacOS/Google Chrome (selenium_manager.py:137)
11-30-2023 14:48:02 [DEBUG] Running command: /Applications/Google\ Chrome.app/Contents/MacOS/Google\ Chrome --version (selenium_manager.py:137)
11-30-2023 14:48:02 [DEBUG] Output: "Google Chrome 119.0.6045.159 " (selenium_manager.py:137)
11-30-2023 14:48:02 [DEBUG] Detected browser: chrome 119.0.6045.159 (selenium_manager.py:137)
11-30-2023 14:48:02 [DEBUG] Required driver: chromedriver 119.0.6045.105 (selenium_manager.py:137)
11-30-2023 14:48:02 [DEBUG] chromedriver 119.0.6045.105 already in the cache (selenium_manager.py:137)
11-30-2023 14:48:02 [DEBUG] Driver path: /Users/ar444/.cache/selenium/chromedriver/mac-arm64/119.0.6045.105/chromedriver (selenium_manager.py:137)
11-30-2023 14:48:02 [DEBUG] Browser path: /Applications/Google Chrome.app/Contents/MacOS/Google Chrome (selenium_manager.py:137)
11-30-2023 14:48:02 [DEBUG] Using driver at: /Users/ar444/.cache/selenium/chromedriver/mac-arm64/119.0.6045.105/chromedriver (selenium_manager.py:98)
11-30-2023 14:48:02 [DEBUG] Started executable: `/Users/ar444/.cache/selenium/chromedriver/mac-arm64/119.0.6045.105/chromedriver` in a child process with pid: 58772 (service.py:215)
11-30-2023 14:48:03 [DEBUG] POST http://localhost:64441/session {"capabilities": {"firstMatch": [{}], "alwaysMatch": {"browserName": "chrome", "pageLoadStrategy": "normal", "browserVersion": null, "goog:chromeOptions": {"extensions": [], "binary": "/Applications/Google Chrome.app/Contents/MacOS/Google Chrome", "args": ["--headless", "--no-sandbox", "--disable-dev-shm-usage"]}}}} (remote_connection.py:313)
11-30-2023 14:48:03 [DEBUG] Remote response: status=200 | data={"value":{"capabilities":{"acceptInsecureCerts":false,"browserName":"chrome","browserVersion":"119.0.6045.159","chrome":{"chromedriverVersion":"119.0.6045.105 (38c72552c5e15ba9b3117c0967a0fd105072d7c6-refs/branch-heads/6045@{#1103})","userDataDir":"/var/folders/dm/dscm93k14jnfq3s2m88hlnth0000gn/T/.org.chromium.Chromium.dyFFkm"},"fedcm:accounts":true,"goog:chromeOptions":{"debuggerAddress":"localhost:64446"},"networkConnectionEnabled":false,"pageLoadStrategy":"normal","platformName":"mac","proxy":{},"setWindowRect":true,"strictFileInteractability":false,"timeouts":{"implicit":0,"pageLoad":300000,"script":30000},"unhandledPromptBehavior":"dismiss and notify","webauthn:extension:credBlob":true,"webauthn:extension:largeBlob":true,"webauthn:extension:minPinLength":true,"webauthn:extension:prf":true,"webauthn:virtualAuthenticators":true},"sessionId":"e2800c829cc00065e1c03e5c66e4d070"}} | headers=HTTPHeaderDict({'Content-Length': '892', 'Content-Type': 'application/json; charset=utf-8', 'cache-control': 'no-cache'}) (remote_connection.py:329)
11-30-2023 14:48:03 [DEBUG] Finished Request (remote_connection.py:356)
11-30-2023 14:48:03 [DEBUG] POST http://localhost:64441/session/e2800c829cc00065e1c03e5c66e4d070/timeouts {"implicit": 10000} (remote_connection.py:313)
11-30-2023 14:48:03 [DEBUG] Remote response: status=200 | data={"value":null} | headers=HTTPHeaderDict({'Content-Length': '14', 'Content-Type': 'application/json; charset=utf-8', 'cache-control': 'no-cache'}) (remote_connection.py:329)
11-30-2023 14:48:03 [DEBUG] Finished Request (remote_connection.py:356)
11-30-2023 14:48:03 [DEBUG] POST http://localhost:64441/session/e2800c829cc00065e1c03e5c66e4d070/url {"url": "http://www.example.com"} (remote_connection.py:313)
11-30-2023 14:48:03 [DEBUG] Remote response: status=200 | data={"value":null} | headers=HTTPHeaderDict({'Content-Length': '14', 'Content-Type': 'application/json; charset=utf-8', 'cache-control': 'no-cache'}) (remote_connection.py:329)
11-30-2023 14:48:03 [DEBUG] Finished Request (remote_connection.py:356)
11-30-2023 14:48:03 [DEBUG] POST http://localhost:64441/session/e2800c829cc00065e1c03e5c66e4d070/element {"using": "tag name", "value": "h1"} (remote_connection.py:313)
11-30-2023 14:48:03 [DEBUG] Remote response: status=200 | data={"value":{"element-6066-11e4-a52e-4f735466cecf":"40849190FEDB955875585BD95B8234F3_element_2"}} | headers=HTTPHeaderDict({'Content-Length': '94', 'Content-Type': 'application/json; charset=utf-8', 'cache-control': 'no-cache'}) (remote_connection.py:329)
11-30-2023 14:48:03 [DEBUG] Finished Request (remote_connection.py:356)
11-30-2023 14:48:03 [DEBUG] GET http://localhost:64441/session/e2800c829cc00065e1c03e5c66e4d070/element/40849190FEDB955875585BD95B8234F3_element_2/text {} (remote_connection.py:313)
11-30-2023 14:48:03 [DEBUG] Remote response: status=200 | data={"value":"Example Domain"} | headers=HTTPHeaderDict({'Content-Length': '26', 'Content-Type': 'application/json; charset=utf-8', 'cache-control': 'no-cache'}) (remote_connection.py:329)
11-30-2023 14:48:03 [DEBUG] Finished Request (remote_connection.py:356)
11-30-2023 14:48:03 [DEBUG] POST http://localhost:64441/session/e2800c829cc00065e1c03e5c66e4d070/element {"using": "tag name", "value": "p"} (remote_connection.py:313)
11-30-2023 14:48:03 [DEBUG] Remote response: status=200 | data={"value":{"element-6066-11e4-a52e-4f735466cecf":"40849190FEDB955875585BD95B8234F3_element_3"}} | headers=HTTPHeaderDict({'Content-Length': '94', 'Content-Type': 'application/json; charset=utf-8', 'cache-control': 'no-cache'}) (remote_connection.py:329)
11-30-2023 14:48:03 [DEBUG] Finished Request (remote_connection.py:356)
11-30-2023 14:48:03 [DEBUG] GET http://localhost:64441/session/e2800c829cc00065e1c03e5c66e4d070/element/40849190FEDB955875585BD95B8234F3_element_3/text {} (remote_connection.py:313)
11-30-2023 14:48:03 [DEBUG] Remote response: status=200 | data={"value":"This domain is for use in illustrative examples in documents. You may use this domain in literature without prior coordination or asking for permission."} | headers=HTTPHeaderDict({'Content-Length': '164', 'Content-Type': 'application/json; charset=utf-8', 'cache-control': 'no-cache'}) (remote_connection.py:329)
11-30-2023 14:48:03 [DEBUG] Finished Request (remote_connection.py:356)
11-30-2023 14:48:03 [DEBUG] DELETE http://localhost:64441/session/e2800c829cc00065e1c03e5c66e4d070/window {} (remote_connection.py:313)
11-30-2023 14:48:03 [DEBUG] Remote response: status=200 | data={"value":[]} | headers=HTTPHeaderDict({'Content-Length': '12', 'Content-Type': 'application/json; charset=utf-8', 'cache-control': 'no-cache'}) (remote_connection.py:329)
11-30-2023 14:48:03 [DEBUG] Finished Request (remote_connection.py:356)
